<?xml version="1.0" encoding="UTF-8"?>
<!-- Generated by org.testng.reporters.JUnitReportReporter -->
<testsuite hostname="jkmacky.local" failures="0" tests="1" name="com.crm.testcases.LoginTestCrm" time="5.272" errors="0" timestamp="11 May 2021 02:01:41 GMT" skipped="0">
  <testcase classname="com.crm.testcases.LoginTestCrm" name="loginApp" time="5.272"/>
</testsuite> <!-- com.crm.testcases.LoginTestCrm -->
